<?xml version="1.0" encoding="UTF-8"?>
<!-- Generated by org.testng.reporters.JUnitReportReporter -->
<testsuite hostname="DESKTOP-E21T489" failures="0" tests="1" name="com.whitemastery.AddCategory" time="244.981" errors="0" timestamp="2022-11-25T17:26:21 IST" skipped="0">
  <testcase classname="com.whitemastery.AddCategory" name="categoryAdding" time="244.981"/>
  <system-out/>
</testsuite> <!-- com.whitemastery.AddCategory -->
